<?xml version="1.0" encoding="utf-8"?><testsuites name="pytest tests"><testsuite name="pytest" errors="0" failures="0" skipped="0" tests="13" time="10.129" timestamp="2026-03-25T03:14:21.453395+00:00" hostname="agent-env-1a6c09ba-ed7b-470a-b345-9a1f15412ba5"><testcase classname="tests.test_api.TestAuthEndpoints" name="test_api_root" time="0.202" /><testcase classname="tests.test_api.TestAuthEndpoints" name="test_login_existing_user" time="0.344" /><testcase classname="tests.test_api.TestAuthEndpoints" name="test_login_invalid_credentials" time="0.143" /><testcase classname="tests.test_api.TestAuthEndpoints" name="test_register_new_user" time="0.336" /><testcase classname="tests.test_api.TestAuthEndpoints" name="test_auth_me_with_token" time="0.438" /><testcase classname="tests.test_api.TestAuthEndpoints" name="test_auth_me_without_token" time="0.118" /><testcase classname="tests.test_api.TestWordEndpoints" name="test_get_words" time="0.461" /><testcase classname="tests.test_api.TestWordEndpoints" name="test_add_words" time="0.525" /><testcase classname="tests.test_api.TestWordEndpoints" name="test_update_word_level" time="0.553" /><testcase classname="tests.test_api.TestGameSessionEndpoints" name="test_save_game_session_with_activity_logging" time="0.445" /><testcase classname="tests.test_api.TestGameSessionEndpoints" name="test_get_game_sessions" time="0.419" /><testcase classname="tests.test_api.TestLearnEndpoints" name="test_get_meanings" time="5.551" /><testcase classname="tests.test_api.TestStatsEndpoints" name="test_get_stats" time="0.482" /></testsuite></testsuites>