<?xml version="1.0" encoding="utf-8"?><testsuites name="pytest tests"><testsuite name="pytest" errors="0" failures="0" skipped="0" tests="10" time="4.396" timestamp="2026-03-25T04:47:36.372993+00:00" hostname="agent-env-1a6c09ba-ed7b-470a-b345-9a1f15412ba5"><testcase classname="backend.tests.test_iteration5.TestAuthentication" name="test_api_root" time="0.252" /><testcase classname="backend.tests.test_iteration5.TestAuthentication" name="test_login_success" time="0.391" /><testcase classname="backend.tests.test_iteration5.TestAuthentication" name="test_login_invalid_credentials" time="0.113" /><testcase classname="backend.tests.test_iteration5.TestWordsAPI" name="test_get_words" time="0.442" /><testcase classname="backend.tests.test_iteration5.TestWordsAPI" name="test_add_words" time="0.569" /><testcase classname="backend.tests.test_iteration5.TestTasksAPI" name="test_get_active_task" time="0.470" /><testcase classname="backend.tests.test_iteration5.TestTasksAPI" name="test_complete_task_day" time="0.685" /><testcase classname="backend.tests.test_iteration5.TestTasksAPI" name="test_complete_task_day_invalid_task" time="0.435" /><testcase classname="backend.tests.test_iteration5.TestActivityAPI" name="test_get_today_activity" time="0.434" /><testcase classname="backend.tests.test_iteration5.TestActivityAPI" name="test_get_weekly_progress" time="0.491" /></testsuite></testsuites>